Detecting C compiler ABI info failed to compile with the following output:
Change Dir: /home/trygt/renderer/HeightMapViewer/build/CMakeFiles/CMakeTmp

Run Build Command(s):/usr/bin/ninja cmTC_d39c3 && [1/2] Building C object CMakeFiles/cmTC_d39c3.dir/CMakeCCompilerABI.c.o
Using built-in specs.
COLLECT_GCC=gcc.exe
Target: x86_64-w64-mingw32
Configured with: ../../../src/gcc-git-10.3.0/configure --build=x86_64-w64-mingw32 --enable-targets=all --enable-languages=ada,c,c++,fortran,jit,lto,objc,obj-c++ --enable-libgomp --enable-lto --enable-graphite --enable-cxx-flags=-DWINPTHREAD_STATIC --disable-build-with-cxx --disable-build-poststage1-with-cxx --enable-libstdcxx-debug --enable-threads=posix --enable-version-specific-runtime-libs --enable-fully-dynamic-string --enable-libstdcxx-filesystem-ts=yes --disable-libstdcxx-pch --enable-libstdcxx-threads --enable-libstdcxx-time=yes --enable-mingw-wildcard --with-gnu-ld --disable-werror --enable-nls --disable-win32-registry --enable-large-address-aware --disable-rpath --disable-symvers --prefix=/mingw64tdm --with-local-prefix=/mingw64tdm --with-pkgversion=tdm64-1 --with-bugurl=https://github.com/jmeubank/tdm-gcc/issues
Thread model: posix
Supported LTO compression algorithms: zlib zstd
gcc version 10.3.0 (tdm64-1) 
COLLECT_GCC_OPTIONS='-v' '-o' 'CMakeFiles/cmTC_d39c3.dir/CMakeCCompilerABI.c.o' '-c' '-mtune=generic' '-march=x86-64'
 C:/TDM-GCC-64/bin/../libexec/gcc/x86_64-w64-mingw32/10.3.0/cc1.exe -quiet -v -iprefix C:/TDM-GCC-64/bin/../lib/gcc/x86_64-w64-mingw32/10.3.0/ -D_REENTRANT /usr/share/cmake-3.22/Modules/CMakeCCompilerABI.c -quiet -dumpbase CMakeCCompilerABI.c -mtune=generic -march=x86-64 -auxbase-strip CMakeFiles/cmTC_d39c3.dir/CMakeCCompilerABI.c.o -version -o C:\Users\trygt\AppData\Local\Temp\ccqXtafl.s
GNU C17 (tdm64-1) version 10.3.0 (x86_64-w64-mingw32)
	compiled by GNU C version 10.3.0, GMP version 6.2.1, MPFR version 4.1.0, MPC version 1.2.1, isl version isl-0.23-GMP

GGC heuristics: --param ggc-min-expand=100 --param ggc-min-heapsize=131072
ignoring duplicate directory "C:/TDM-GCC-64/lib/gcc/../../lib/gcc/x86_64-w64-mingw32/10.3.0/include"
ignoring duplicate directory "C:/TDM-GCC-64/lib/gcc/../../lib/gcc/x86_64-w64-mingw32/10.3.0/../../../../include"
ignoring duplicate directory "C:/TDM-GCC-64/lib/gcc/../../lib/gcc/x86_64-w64-mingw32/10.3.0/include-fixed"
ignoring duplicate directory "C:/TDM-GCC-64/lib/gcc/../../lib/gcc/x86_64-w64-mingw32/10.3.0/../../../../x86_64-w64-mingw32/include"
#include "..." search starts here:
#include <...> search starts here:
 C:/TDM-GCC-64/bin/../lib/gcc/x86_64-w64-mingw32/10.3.0/include
 C:/TDM-GCC-64/bin/../lib/gcc/x86_64-w64-mingw32/10.3.0/../../../../include
 C:/TDM-GCC-64/bin/../lib/gcc/x86_64-w64-mingw32/10.3.0/include-fixed
 C:/TDM-GCC-64/bin/../lib/gcc/x86_64-w64-mingw32/10.3.0/../../../../x86_64-w64-mingw32/include
End of search list.
GNU C17 (tdm64-1) version 10.3.0 (x86_64-w64-mingw32)
	compiled by GNU C version 10.3.0, GMP version 6.2.1, MPFR version 4.1.0, MPC version 1.2.1, isl version isl-0.23-GMP

GGC heuristics: --param ggc-min-expand=100 --param ggc-min-heapsize=131072
Compiler executable checksum: 68074fcaab9f6b1377b55f7cea05149b
COLLECT_GCC_OPTIONS='-v' '-o' 'CMakeFiles/cmTC_d39c3.dir/CMakeCCompilerABI.c.o' '-c' '-mtune=generic' '-march=x86-64'
 C:/TDM-GCC-64/bin/../lib/gcc/x86_64-w64-mingw32/10.3.0/../../../../x86_64-w64-mingw32/bin/as.exe -v -o CMakeFiles/cmTC_d39c3.dir/CMakeCCompilerABI.c.o C:\Users\trygt\AppData\Local\Temp\ccqXtafl.s
GNU assembler version 2.36.1 (x86_64-w64-mingw32) using BFD version (GNU Binutils) 2.36.1
COMPILER_PATH=C:/TDM-GCC-64/bin/../libexec/gcc/x86_64-w64-mingw32/10.3.0/;C:/TDM-GCC-64/bin/../libexec/gcc/;C:/TDM-GCC-64/bin/../lib/gcc/x86_64-w64-mingw32/10.3.0/../../../../x86_64-w64-mingw32/bin/
LIBRARY_PATH=C:/TDM-GCC-64/bin/../lib/gcc/x86_64-w64-mingw32/10.3.0/;C:/TDM-GCC-64/bin/../lib/gcc/;C:/TDM-GCC-64/bin/../lib/gcc/x86_64-w64-mingw32/10.3.0/../../../../x86_64-w64-mingw32/lib/../lib/;C:/TDM-GCC-64/bin/../lib/gcc/x86_64-w64-mingw32/10.3.0/../../../../lib/;C:/TDM-GCC-64/bin/../lib/gcc/x86_64-w64-mingw32/10.3.0/../../../../x86_64-w64-mingw32/lib/;C:/TDM-GCC-64/bin/../lib/gcc/x86_64-w64-mingw32/10.3.0/../../../
COLLECT_GCC_OPTIONS='-v' '-o' 'CMakeFiles/cmTC_d39c3.dir/CMakeCCompilerABI.c.o' '-c' '-mtune=generic' '-march=x86-64'
[2/2] Linking C executable cmTC_d39c3
FAILED: cmTC_d39c3 
: && /mnt/c/TDM-GCC-64/bin/gcc.exe  -v  -rdynamic CMakeFiles/cmTC_d39c3.dir/CMakeCCompilerABI.c.o -o cmTC_d39c3   && :
Using built-in specs.
COLLECT_GCC=gcc.exe
COLLECT_LTO_WRAPPER=C:/TDM-GCC-64/bin/../libexec/gcc/x86_64-w64-mingw32/10.3.0/lto-wrapper.exe
gcc.exe: error: unrecognized command-line option '-rdynamic'
Target: x86_64-w64-mingw32
Configured with: ../../../src/gcc-git-10.3.0/configure --build=x86_64-w64-mingw32 --enable-targets=all --enable-languages=ada,c,c++,fortran,jit,lto,objc,obj-c++ --enable-libgomp --enable-lto --enable-graphite --enable-cxx-flags=-DWINPTHREAD_STATIC --disable-build-with-cxx --disable-build-poststage1-with-cxx --enable-libstdcxx-debug --enable-threads=posix --enable-version-specific-runtime-libs --enable-fully-dynamic-string --enable-libstdcxx-filesystem-ts=yes --disable-libstdcxx-pch --enable-libstdcxx-threads --enable-libstdcxx-time=yes --enable-mingw-wildcard --with-gnu-ld --disable-werror --enable-nls --disable-win32-registry --enable-large-address-aware --disable-rpath --disable-symvers --prefix=/mingw64tdm --with-local-prefix=/mingw64tdm --with-pkgversion=tdm64-1 --with-bugurl=https://github.com/jmeubank/tdm-gcc/issues
Thread model: posix
Supported LTO compression algorithms: zlib zstd
gcc version 10.3.0 (tdm64-1) 
ninja: build stopped: subcommand failed.




Determining if the C compiler works failed with the following output:
Change Dir: /home/trygt/renderer/HeightMapViewer/build/CMakeFiles/CMakeTmp

Run Build Command(s):/usr/bin/ninja cmTC_2539c && [1/2] Building C object CMakeFiles/cmTC_2539c.dir/testCCompiler.c.o
[2/2] Linking C executable cmTC_2539c
FAILED: cmTC_2539c 
: && /mnt/c/TDM-GCC-64/bin/gcc.exe  -rdynamic CMakeFiles/cmTC_2539c.dir/testCCompiler.c.o -o cmTC_2539c   && :
gcc.exe: error: unrecognized command-line option '-rdynamic'
ninja: build stopped: subcommand failed.



Detecting C compiler ABI info failed to compile with the following output:
Change Dir: /home/trygt/renderer/HeightMapViewer/build/CMakeFiles/CMakeTmp

Run Build Command(s):/usr/bin/ninja cmTC_bf047 && [1/2] Building C object CMakeFiles/cmTC_bf047.dir/CMakeCCompilerABI.c.o
Using built-in specs.
COLLECT_GCC=gcc.exe
Target: x86_64-w64-mingw32
Configured with: ../../../src/gcc-git-10.3.0/configure --build=x86_64-w64-mingw32 --enable-targets=all --enable-languages=ada,c,c++,fortran,jit,lto,objc,obj-c++ --enable-libgomp --enable-lto --enable-graphite --enable-cxx-flags=-DWINPTHREAD_STATIC --disable-build-with-cxx --disable-build-poststage1-with-cxx --enable-libstdcxx-debug --enable-threads=posix --enable-version-specific-runtime-libs --enable-fully-dynamic-string --enable-libstdcxx-filesystem-ts=yes --disable-libstdcxx-pch --enable-libstdcxx-threads --enable-libstdcxx-time=yes --enable-mingw-wildcard --with-gnu-ld --disable-werror --enable-nls --disable-win32-registry --enable-large-address-aware --disable-rpath --disable-symvers --prefix=/mingw64tdm --with-local-prefix=/mingw64tdm --with-pkgversion=tdm64-1 --with-bugurl=https://github.com/jmeubank/tdm-gcc/issues
Thread model: posix
Supported LTO compression algorithms: zlib zstd
gcc version 10.3.0 (tdm64-1) 
COLLECT_GCC_OPTIONS='-v' '-o' 'CMakeFiles/cmTC_bf047.dir/CMakeCCompilerABI.c.o' '-c' '-mtune=generic' '-march=x86-64'
 C:/TDM-GCC-64/bin/../libexec/gcc/x86_64-w64-mingw32/10.3.0/cc1.exe -quiet -v -iprefix C:/TDM-GCC-64/bin/../lib/gcc/x86_64-w64-mingw32/10.3.0/ -D_REENTRANT /usr/share/cmake-3.22/Modules/CMakeCCompilerABI.c -quiet -dumpbase CMakeCCompilerABI.c -mtune=generic -march=x86-64 -auxbase-strip CMakeFiles/cmTC_bf047.dir/CMakeCCompilerABI.c.o -version -o C:\Users\trygt\AppData\Local\Temp\ccCNwOvh.s
GNU C17 (tdm64-1) version 10.3.0 (x86_64-w64-mingw32)
	compiled by GNU C version 10.3.0, GMP version 6.2.1, MPFR version 4.1.0, MPC version 1.2.1, isl version isl-0.23-GMP

GGC heuristics: --param ggc-min-expand=100 --param ggc-min-heapsize=131072
ignoring duplicate directory "C:/TDM-GCC-64/lib/gcc/../../lib/gcc/x86_64-w64-mingw32/10.3.0/include"
ignoring duplicate directory "C:/TDM-GCC-64/lib/gcc/../../lib/gcc/x86_64-w64-mingw32/10.3.0/../../../../include"
ignoring duplicate directory "C:/TDM-GCC-64/lib/gcc/../../lib/gcc/x86_64-w64-mingw32/10.3.0/include-fixed"
ignoring duplicate directory "C:/TDM-GCC-64/lib/gcc/../../lib/gcc/x86_64-w64-mingw32/10.3.0/../../../../x86_64-w64-mingw32/include"
#include "..." search starts here:
#include <...> search starts here:
 C:/TDM-GCC-64/bin/../lib/gcc/x86_64-w64-mingw32/10.3.0/include
 C:/TDM-GCC-64/bin/../lib/gcc/x86_64-w64-mingw32/10.3.0/../../../../include
 C:/TDM-GCC-64/bin/../lib/gcc/x86_64-w64-mingw32/10.3.0/include-fixed
 C:/TDM-GCC-64/bin/../lib/gcc/x86_64-w64-mingw32/10.3.0/../../../../x86_64-w64-mingw32/include
End of search list.
GNU C17 (tdm64-1) version 10.3.0 (x86_64-w64-mingw32)
	compiled by GNU C version 10.3.0, GMP version 6.2.1, MPFR version 4.1.0, MPC version 1.2.1, isl version isl-0.23-GMP

GGC heuristics: --param ggc-min-expand=100 --param ggc-min-heapsize=131072
Compiler executable checksum: 68074fcaab9f6b1377b55f7cea05149b
COLLECT_GCC_OPTIONS='-v' '-o' 'CMakeFiles/cmTC_bf047.dir/CMakeCCompilerABI.c.o' '-c' '-mtune=generic' '-march=x86-64'
 C:/TDM-GCC-64/bin/../lib/gcc/x86_64-w64-mingw32/10.3.0/../../../../x86_64-w64-mingw32/bin/as.exe -v -o CMakeFiles/cmTC_bf047.dir/CMakeCCompilerABI.c.o C:\Users\trygt\AppData\Local\Temp\ccCNwOvh.s
GNU assembler version 2.36.1 (x86_64-w64-mingw32) using BFD version (GNU Binutils) 2.36.1
COMPILER_PATH=C:/TDM-GCC-64/bin/../libexec/gcc/x86_64-w64-mingw32/10.3.0/;C:/TDM-GCC-64/bin/../libexec/gcc/;C:/TDM-GCC-64/bin/../lib/gcc/x86_64-w64-mingw32/10.3.0/../../../../x86_64-w64-mingw32/bin/
LIBRARY_PATH=C:/TDM-GCC-64/bin/../lib/gcc/x86_64-w64-mingw32/10.3.0/;C:/TDM-GCC-64/bin/../lib/gcc/;C:/TDM-GCC-64/bin/../lib/gcc/x86_64-w64-mingw32/10.3.0/../../../../x86_64-w64-mingw32/lib/../lib/;C:/TDM-GCC-64/bin/../lib/gcc/x86_64-w64-mingw32/10.3.0/../../../../lib/;C:/TDM-GCC-64/bin/../lib/gcc/x86_64-w64-mingw32/10.3.0/../../../../x86_64-w64-mingw32/lib/;C:/TDM-GCC-64/bin/../lib/gcc/x86_64-w64-mingw32/10.3.0/../../../
COLLECT_GCC_OPTIONS='-v' '-o' 'CMakeFiles/cmTC_bf047.dir/CMakeCCompilerABI.c.o' '-c' '-mtune=generic' '-march=x86-64'
[2/2] Linking C executable cmTC_bf047
FAILED: cmTC_bf047 
: && /mnt/c/TDM-GCC-64/bin/gcc.exe  -v  -rdynamic CMakeFiles/cmTC_bf047.dir/CMakeCCompilerABI.c.o -o cmTC_bf047   && :
Using built-in specs.
COLLECT_GCC=gcc.exe
COLLECT_LTO_WRAPPER=C:/TDM-GCC-64/bin/../libexec/gcc/x86_64-w64-mingw32/10.3.0/lto-wrapper.exe
gcc.exe: error: unrecognized command-line option '-rdynamic'
Target: x86_64-w64-mingw32
Configured with: ../../../src/gcc-git-10.3.0/configure --build=x86_64-w64-mingw32 --enable-targets=all --enable-languages=ada,c,c++,fortran,jit,lto,objc,obj-c++ --enable-libgomp --enable-lto --enable-graphite --enable-cxx-flags=-DWINPTHREAD_STATIC --disable-build-with-cxx --disable-build-poststage1-with-cxx --enable-libstdcxx-debug --enable-threads=posix --enable-version-specific-runtime-libs --enable-fully-dynamic-string --enable-libstdcxx-filesystem-ts=yes --disable-libstdcxx-pch --enable-libstdcxx-threads --enable-libstdcxx-time=yes --enable-mingw-wildcard --with-gnu-ld --disable-werror --enable-nls --disable-win32-registry --enable-large-address-aware --disable-rpath --disable-symvers --prefix=/mingw64tdm --with-local-prefix=/mingw64tdm --with-pkgversion=tdm64-1 --with-bugurl=https://github.com/jmeubank/tdm-gcc/issues
Thread model: posix
Supported LTO compression algorithms: zlib zstd
gcc version 10.3.0 (tdm64-1) 
ninja: build stopped: subcommand failed.




Determining if the C compiler works failed with the following output:
Change Dir: /home/trygt/renderer/HeightMapViewer/build/CMakeFiles/CMakeTmp

Run Build Command(s):/usr/bin/ninja cmTC_59f4c && [1/2] Building C object CMakeFiles/cmTC_59f4c.dir/testCCompiler.c.o
[2/2] Linking C executable cmTC_59f4c
FAILED: cmTC_59f4c 
: && /mnt/c/TDM-GCC-64/bin/gcc.exe  -rdynamic CMakeFiles/cmTC_59f4c.dir/testCCompiler.c.o -o cmTC_59f4c   && :
gcc.exe: error: unrecognized command-line option '-rdynamic'
ninja: build stopped: subcommand failed.



Detecting C compiler ABI info failed to compile with the following output:
Change Dir: /home/trygt/renderer/HeightMapViewer/build/CMakeFiles/CMakeTmp

Run Build Command(s):/usr/bin/ninja cmTC_e13eb && [1/2] Building C object CMakeFiles/cmTC_e13eb.dir/CMakeCCompilerABI.c.o
Using built-in specs.
COLLECT_GCC=gcc.exe
Target: x86_64-w64-mingw32
Configured with: ../../../src/gcc-git-10.3.0/configure --build=x86_64-w64-mingw32 --enable-targets=all --enable-languages=ada,c,c++,fortran,jit,lto,objc,obj-c++ --enable-libgomp --enable-lto --enable-graphite --enable-cxx-flags=-DWINPTHREAD_STATIC --disable-build-with-cxx --disable-build-poststage1-with-cxx --enable-libstdcxx-debug --enable-threads=posix --enable-version-specific-runtime-libs --enable-fully-dynamic-string --enable-libstdcxx-filesystem-ts=yes --disable-libstdcxx-pch --enable-libstdcxx-threads --enable-libstdcxx-time=yes --enable-mingw-wildcard --with-gnu-ld --disable-werror --enable-nls --disable-win32-registry --enable-large-address-aware --disable-rpath --disable-symvers --prefix=/mingw64tdm --with-local-prefix=/mingw64tdm --with-pkgversion=tdm64-1 --with-bugurl=https://github.com/jmeubank/tdm-gcc/issues
Thread model: posix
Supported LTO compression algorithms: zlib zstd
gcc version 10.3.0 (tdm64-1) 
COLLECT_GCC_OPTIONS='-v' '-o' 'CMakeFiles/cmTC_e13eb.dir/CMakeCCompilerABI.c.o' '-c' '-mtune=generic' '-march=x86-64'
 C:/TDM-GCC-64/bin/../libexec/gcc/x86_64-w64-mingw32/10.3.0/cc1.exe -quiet -v -iprefix C:/TDM-GCC-64/bin/../lib/gcc/x86_64-w64-mingw32/10.3.0/ -D_REENTRANT /usr/share/cmake-3.22/Modules/CMakeCCompilerABI.c -quiet -dumpbase CMakeCCompilerABI.c -mtune=generic -march=x86-64 -auxbase-strip CMakeFiles/cmTC_e13eb.dir/CMakeCCompilerABI.c.o -version -o C:\Users\trygt\AppData\Local\Temp\cc0pba62.s
GNU C17 (tdm64-1) version 10.3.0 (x86_64-w64-mingw32)
	compiled by GNU C version 10.3.0, GMP version 6.2.1, MPFR version 4.1.0, MPC version 1.2.1, isl version isl-0.23-GMP

GGC heuristics: --param ggc-min-expand=100 --param ggc-min-heapsize=131072
ignoring duplicate directory "C:/TDM-GCC-64/lib/gcc/../../lib/gcc/x86_64-w64-mingw32/10.3.0/include"
ignoring duplicate directory "C:/TDM-GCC-64/lib/gcc/../../lib/gcc/x86_64-w64-mingw32/10.3.0/../../../../include"
ignoring duplicate directory "C:/TDM-GCC-64/lib/gcc/../../lib/gcc/x86_64-w64-mingw32/10.3.0/include-fixed"
ignoring duplicate directory "C:/TDM-GCC-64/lib/gcc/../../lib/gcc/x86_64-w64-mingw32/10.3.0/../../../../x86_64-w64-mingw32/include"
#include "..." search starts here:
#include <...> search starts here:
 C:/TDM-GCC-64/bin/../lib/gcc/x86_64-w64-mingw32/10.3.0/include
 C:/TDM-GCC-64/bin/../lib/gcc/x86_64-w64-mingw32/10.3.0/../../../../include
 C:/TDM-GCC-64/bin/../lib/gcc/x86_64-w64-mingw32/10.3.0/include-fixed
 C:/TDM-GCC-64/bin/../lib/gcc/x86_64-w64-mingw32/10.3.0/../../../../x86_64-w64-mingw32/include
End of search list.
GNU C17 (tdm64-1) version 10.3.0 (x86_64-w64-mingw32)
	compiled by GNU C version 10.3.0, GMP version 6.2.1, MPFR version 4.1.0, MPC version 1.2.1, isl version isl-0.23-GMP

GGC heuristics: --param ggc-min-expand=100 --param ggc-min-heapsize=131072
Compiler executable checksum: 68074fcaab9f6b1377b55f7cea05149b
COLLECT_GCC_OPTIONS='-v' '-o' 'CMakeFiles/cmTC_e13eb.dir/CMakeCCompilerABI.c.o' '-c' '-mtune=generic' '-march=x86-64'
 C:/TDM-GCC-64/bin/../lib/gcc/x86_64-w64-mingw32/10.3.0/../../../../x86_64-w64-mingw32/bin/as.exe -v -o CMakeFiles/cmTC_e13eb.dir/CMakeCCompilerABI.c.o C:\Users\trygt\AppData\Local\Temp\cc0pba62.s
GNU assembler version 2.36.1 (x86_64-w64-mingw32) using BFD version (GNU Binutils) 2.36.1
COMPILER_PATH=C:/TDM-GCC-64/bin/../libexec/gcc/x86_64-w64-mingw32/10.3.0/;C:/TDM-GCC-64/bin/../libexec/gcc/;C:/TDM-GCC-64/bin/../lib/gcc/x86_64-w64-mingw32/10.3.0/../../../../x86_64-w64-mingw32/bin/
LIBRARY_PATH=C:/TDM-GCC-64/bin/../lib/gcc/x86_64-w64-mingw32/10.3.0/;C:/TDM-GCC-64/bin/../lib/gcc/;C:/TDM-GCC-64/bin/../lib/gcc/x86_64-w64-mingw32/10.3.0/../../../../x86_64-w64-mingw32/lib/../lib/;C:/TDM-GCC-64/bin/../lib/gcc/x86_64-w64-mingw32/10.3.0/../../../../lib/;C:/TDM-GCC-64/bin/../lib/gcc/x86_64-w64-mingw32/10.3.0/../../../../x86_64-w64-mingw32/lib/;C:/TDM-GCC-64/bin/../lib/gcc/x86_64-w64-mingw32/10.3.0/../../../
COLLECT_GCC_OPTIONS='-v' '-o' 'CMakeFiles/cmTC_e13eb.dir/CMakeCCompilerABI.c.o' '-c' '-mtune=generic' '-march=x86-64'
[2/2] Linking C executable cmTC_e13eb
FAILED: cmTC_e13eb 
: && /mnt/c/TDM-GCC-64/bin/gcc.exe  -v  -rdynamic CMakeFiles/cmTC_e13eb.dir/CMakeCCompilerABI.c.o -o cmTC_e13eb   && :
Using built-in specs.
COLLECT_GCC=gcc.exe
COLLECT_LTO_WRAPPER=C:/TDM-GCC-64/bin/../libexec/gcc/x86_64-w64-mingw32/10.3.0/lto-wrapper.exe
gcc.exe: error: unrecognized command-line option '-rdynamic'
Target: x86_64-w64-mingw32
Configured with: ../../../src/gcc-git-10.3.0/configure --build=x86_64-w64-mingw32 --enable-targets=all --enable-languages=ada,c,c++,fortran,jit,lto,objc,obj-c++ --enable-libgomp --enable-lto --enable-graphite --enable-cxx-flags=-DWINPTHREAD_STATIC --disable-build-with-cxx --disable-build-poststage1-with-cxx --enable-libstdcxx-debug --enable-threads=posix --enable-version-specific-runtime-libs --enable-fully-dynamic-string --enable-libstdcxx-filesystem-ts=yes --disable-libstdcxx-pch --enable-libstdcxx-threads --enable-libstdcxx-time=yes --enable-mingw-wildcard --with-gnu-ld --disable-werror --enable-nls --disable-win32-registry --enable-large-address-aware --disable-rpath --disable-symvers --prefix=/mingw64tdm --with-local-prefix=/mingw64tdm --with-pkgversion=tdm64-1 --with-bugurl=https://github.com/jmeubank/tdm-gcc/issues
Thread model: posix
Supported LTO compression algorithms: zlib zstd
gcc version 10.3.0 (tdm64-1) 
ninja: build stopped: subcommand failed.




Determining if the C compiler works failed with the following output:
Change Dir: /home/trygt/renderer/HeightMapViewer/build/CMakeFiles/CMakeTmp

Run Build Command(s):/usr/bin/ninja cmTC_04bd5 && [1/2] Building C object CMakeFiles/cmTC_04bd5.dir/testCCompiler.c.o
[2/2] Linking C executable cmTC_04bd5
FAILED: cmTC_04bd5 
: && /mnt/c/TDM-GCC-64/bin/gcc.exe  -rdynamic CMakeFiles/cmTC_04bd5.dir/testCCompiler.c.o -o cmTC_04bd5   && :
gcc.exe: error: unrecognized command-line option '-rdynamic'
ninja: build stopped: subcommand failed.



